{"contracts/AccessPassNFT.sol":{"l":{"20":2,"21":1,"22":1,"26":2,"27":1,"28":1},"path":"/home/whx1230004/NodeStay/packages/contracts/contracts/AccessPassNFT.sol","s":{"1":2,"2":1,"3":2,"4":1},"b":{"1":[2,1],"2":[1,1],"3":[1,1]},"f":{"1":2,"2":2,"3":2},"fnMap":{"1":{"name":"constructor","line":17,"loc":{"start":{"line":17,"column":4},"end":{"line":17,"column":104}}},"2":{"name":"setOperator","line":19,"loc":{"start":{"line":19,"column":4},"end":{"line":23,"column":4}}},"3":{"name":"mint","line":25,"loc":{"start":{"line":25,"column":4},"end":{"line":29,"column":4}}}},"statementMap":{"1":{"start":{"line":20,"column":8},"end":{"line":20,"column":57}},"2":{"start":{"line":22,"column":8},"end":{"line":22,"column":39}},"3":{"start":{"line":26,"column":8},"end":{"line":26,"column":56}},"4":{"start":{"line":28,"column":8},"end":{"line":28,"column":29}}},"branchMap":{"1":{"line":19,"type":"if","locations":[{"start":{"line":19,"column":53},"end":{"line":19,"column":53}},{"start":{"line":19,"column":53},"end":{"line":19,"column":53}}]},"2":{"line":20,"type":"if","locations":[{"start":{"line":20,"column":8},"end":{"line":20,"column":8}},{"start":{"line":20,"column":8},"end":{"line":20,"column":8}}]},"3":{"line":26,"type":"if","locations":[{"start":{"line":26,"column":8},"end":{"line":26,"column":8}},{"start":{"line":26,"column":8},"end":{"line":26,"column":8}}]}}},"contracts/DepositVault.sol":{"l":{"27":3,"28":2,"32":3,"33":2,"34":2,"38":4,"39":3,"40":3,"41":2,"42":2,"46":5,"47":4,"48":3,"50":2,"51":2,"52":2,"53":1,"57":4,"58":3,"60":2,"61":2,"62":2,"63":1},"path":"/home/whx1230004/NodeStay/packages/contracts/contracts/DepositVault.sol","s":{"1":3,"2":3,"3":2,"4":4,"5":3,"6":3,"7":2,"8":5,"9":4,"10":3,"11":2,"12":2,"13":1,"14":4,"15":3,"16":2,"17":2,"18":1},"b":{"1":[1,2],"2":[3,1],"3":[1,2],"4":[3,1],"5":[2,1],"6":[1,4],"7":[1,3],"8":[1,2],"9":[1,1],"10":[1,3],"11":[1,2],"12":[1,1]},"f":{"1":3,"2":3,"3":4,"4":5,"5":4},"fnMap":{"1":{"name":"constructor","line":26,"loc":{"start":{"line":26,"column":4},"end":{"line":29,"column":4}}},"2":{"name":"setOperator","line":31,"loc":{"start":{"line":31,"column":4},"end":{"line":35,"column":4}}},"3":{"name":"holdDeposit","line":37,"loc":{"start":{"line":37,"column":4},"end":{"line":43,"column":4}}},"4":{"name":"captureDeposit","line":45,"loc":{"start":{"line":45,"column":4},"end":{"line":54,"column":4}}},"5":{"name":"releaseDeposit","line":56,"loc":{"start":{"line":56,"column":4},"end":{"line":64,"column":4}}}},"statementMap":{"1":{"start":{"line":27,"column":8},"end":{"line":27,"column":54}},"2":{"start":{"line":32,"column":8},"end":{"line":32,"column":57}},"3":{"start":{"line":34,"column":8},"end":{"line":34,"column":39}},"4":{"start":{"line":38,"column":8},"end":{"line":38,"column":38}},"5":{"start":{"line":39,"column":8},"end":{"line":39,"column":71}},"6":{"start":{"line":40,"column":8},"end":{"line":40,"column":41}},"7":{"start":{"line":42,"column":8},"end":{"line":42,"column":44}},"8":{"start":{"line":46,"column":8},"end":{"line":46,"column":56}},"9":{"start":{"line":47,"column":8},"end":{"line":47,"column":50}},"10":{"start":{"line":48,"column":8},"end":{"line":48,"column":66}},"11":{"start":{"line":51,"column":8},"end":{"line":51,"column":44}},"12":{"start":{"line":52,"column":8},"end":{"line":52,"column":37}},"13":{"start":{"line":53,"column":8},"end":{"line":53,"column":47}},"14":{"start":{"line":57,"column":8},"end":{"line":57,"column":56}},"15":{"start":{"line":58,"column":8},"end":{"line":58,"column":66}},"16":{"start":{"line":61,"column":8},"end":{"line":61,"column":47}},"17":{"start":{"line":62,"column":8},"end":{"line":62,"column":37}},"18":{"start":{"line":63,"column":8},"end":{"line":63,"column":43}}},"branchMap":{"1":{"line":27,"type":"if","locations":[{"start":{"line":27,"column":8},"end":{"line":27,"column":8}},{"start":{"line":27,"column":8},"end":{"line":27,"column":8}}]},"2":{"line":31,"type":"if","locations":[{"start":{"line":31,"column":53},"end":{"line":31,"column":53}},{"start":{"line":31,"column":53},"end":{"line":31,"column":53}}]},"3":{"line":32,"type":"if","locations":[{"start":{"line":32,"column":8},"end":{"line":32,"column":8}},{"start":{"line":32,"column":8},"end":{"line":32,"column":8}}]},"4":{"line":38,"type":"if","locations":[{"start":{"line":38,"column":8},"end":{"line":38,"column":8}},{"start":{"line":38,"column":8},"end":{"line":38,"column":8}}]},"5":{"line":40,"type":"if","locations":[{"start":{"line":40,"column":8},"end":{"line":40,"column":8}},{"start":{"line":40,"column":8},"end":{"line":40,"column":8}}]},"6":{"line":46,"type":"if","locations":[{"start":{"line":46,"column":8},"end":{"line":46,"column":8}},{"start":{"line":46,"column":8},"end":{"line":46,"column":8}}]},"7":{"line":47,"type":"if","locations":[{"start":{"line":47,"column":8},"end":{"line":47,"column":8}},{"start":{"line":47,"column":8},"end":{"line":47,"column":8}}]},"8":{"line":48,"type":"if","locations":[{"start":{"line":48,"column":8},"end":{"line":48,"column":8}},{"start":{"line":48,"column":8},"end":{"line":48,"column":8}}]},"9":{"line":52,"type":"if","locations":[{"start":{"line":52,"column":8},"end":{"line":52,"column":8}},{"start":{"line":52,"column":8},"end":{"line":52,"column":8}}]},"10":{"line":57,"type":"if","locations":[{"start":{"line":57,"column":8},"end":{"line":57,"column":8}},{"start":{"line":57,"column":8},"end":{"line":57,"column":8}}]},"11":{"line":58,"type":"if","locations":[{"start":{"line":58,"column":8},"end":{"line":58,"column":8}},{"start":{"line":58,"column":8},"end":{"line":58,"column":8}}]},"12":{"line":62,"type":"if","locations":[{"start":{"line":62,"column":8},"end":{"line":62,"column":8}},{"start":{"line":62,"column":8},"end":{"line":62,"column":8}}]}}},"contracts/MockERC20.sol":{"l":{"10":1},"path":"/home/whx1230004/NodeStay/packages/contracts/contracts/MockERC20.sol","s":{"1":1},"b":{},"f":{"1":1,"2":1},"fnMap":{"1":{"name":"constructor","line":7,"loc":{"start":{"line":7,"column":4},"end":{"line":7,"column":47}}},"2":{"name":"mint","line":9,"loc":{"start":{"line":9,"column":4},"end":{"line":11,"column":4}}}},"statementMap":{"1":{"start":{"line":10,"column":8},"end":{"line":10,"column":24}}},"branchMap":{}},"contracts/MockERC20Config.sol":{"l":{"20":5,"24":6,"28":2,"29":2,"30":2,"34":1,"38":3,"42":1,"46":3,"47":3,"48":3,"52":6,"53":3,"54":1,"58":5,"59":3,"60":3,"61":2,"62":2,"63":2,"67":5,"68":4,"69":4,"70":3,"71":3,"72":3},"path":"/home/whx1230004/NodeStay/packages/contracts/contracts/MockERC20Config.sol","s":{"1":2,"2":1,"3":3,"4":1,"5":3,"6":3,"7":6,"8":3,"9":3,"10":1,"11":5,"12":2,"13":3,"14":3,"15":2,"16":2,"17":5,"18":4,"19":4,"20":3},"b":{"1":[3,3],"2":[2,3],"3":[2,1],"4":[4,1],"5":[3,1]},"f":{"1":5,"2":6,"3":2,"4":1,"5":3,"6":1,"7":3,"8":6,"9":5,"10":5},"fnMap":{"1":{"name":"setTransferReturns","line":19,"loc":{"start":{"line":19,"column":4},"end":{"line":21,"column":4}}},"2":{"name":"setTransferFromReturns","line":23,"loc":{"start":{"line":23,"column":4},"end":{"line":25,"column":4}}},"3":{"name":"mint","line":27,"loc":{"start":{"line":27,"column":4},"end":{"line":31,"column":4}}},"4":{"name":"totalSupply","line":33,"loc":{"start":{"line":33,"column":4},"end":{"line":35,"column":4}}},"5":{"name":"balanceOf","line":37,"loc":{"start":{"line":37,"column":4},"end":{"line":39,"column":4}}},"6":{"name":"allowance","line":41,"loc":{"start":{"line":41,"column":4},"end":{"line":43,"column":4}}},"7":{"name":"approve","line":45,"loc":{"start":{"line":45,"column":4},"end":{"line":49,"column":4}}},"8":{"name":"transfer","line":51,"loc":{"start":{"line":51,"column":4},"end":{"line":55,"column":4}}},"9":{"name":"transferFrom","line":57,"loc":{"start":{"line":57,"column":4},"end":{"line":64,"column":4}}},"10":{"name":"_transfer","line":66,"loc":{"start":{"line":66,"column":4},"end":{"line":73,"column":4}}}},"statementMap":{"1":{"start":{"line":30,"column":8},"end":{"line":30,"column":45}},"2":{"start":{"line":34,"column":8},"end":{"line":34,"column":27}},"3":{"start":{"line":38,"column":8},"end":{"line":38,"column":34}},"4":{"start":{"line":42,"column":8},"end":{"line":42,"column":41}},"5":{"start":{"line":47,"column":8},"end":{"line":47,"column":50}},"6":{"start":{"line":48,"column":8},"end":{"line":48,"column":19}},"7":{"start":{"line":52,"column":8},"end":{"line":52,"column":42}},"8":{"start":{"line":52,"column":30},"end":{"line":52,"column":42}},"9":{"start":{"line":53,"column":8},"end":{"line":53,"column":40}},"10":{"start":{"line":54,"column":8},"end":{"line":54,"column":19}},"11":{"start":{"line":58,"column":8},"end":{"line":58,"column":46}},"12":{"start":{"line":58,"column":34},"end":{"line":58,"column":46}},"13":{"start":{"line":59,"column":8},"end":{"line":59,"column":54}},"14":{"start":{"line":60,"column":8},"end":{"line":60,"column":46}},"15":{"start":{"line":62,"column":8},"end":{"line":62,"column":34}},"16":{"start":{"line":63,"column":8},"end":{"line":63,"column":19}},"17":{"start":{"line":67,"column":8},"end":{"line":67,"column":40}},"18":{"start":{"line":68,"column":8},"end":{"line":68,"column":38}},"19":{"start":{"line":69,"column":8},"end":{"line":69,"column":40}},"20":{"start":{"line":72,"column":8},"end":{"line":72,"column":39}}},"branchMap":{"1":{"line":52,"type":"if","locations":[{"start":{"line":52,"column":8},"end":{"line":52,"column":8}},{"start":{"line":52,"column":8},"end":{"line":52,"column":8}}]},"2":{"line":58,"type":"if","locations":[{"start":{"line":58,"column":8},"end":{"line":58,"column":8}},{"start":{"line":58,"column":8},"end":{"line":58,"column":8}}]},"3":{"line":60,"type":"if","locations":[{"start":{"line":60,"column":8},"end":{"line":60,"column":8}},{"start":{"line":60,"column":8},"end":{"line":60,"column":8}}]},"4":{"line":67,"type":"if","locations":[{"start":{"line":67,"column":8},"end":{"line":67,"column":8}},{"start":{"line":67,"column":8},"end":{"line":67,"column":8}}]},"5":{"line":69,"type":"if","locations":[{"start":{"line":69,"column":8},"end":{"line":69,"column":8}},{"start":{"line":69,"column":8},"end":{"line":69,"column":8}}]}}}}